{"/Users/ricy/Documents/projects/2023/12/Test-Jest/src/App.js": {"path":"/Users/ricy/Documents/projects/2023/12/Test-Jest/src/App.js","statementMap":{"0":{"start":{"line":5,"column":2},"end":{"line":22,"column":4}}},"fnMap":{"0":{"name":"App","decl":{"start":{"line":4,"column":9},"end":{"line":4,"column":12}},"loc":{"start":{"line":4,"column":15},"end":{"line":23,"column":1}},"line":4}},"branchMap":{},"s":{"0":1},"f":{"0":1},"b":{},"_coverageSchema":"1a1c01bbd47fc00a2c39e90264f33305004495a9","hash":"9fad578956e026408e718f6af6cc19c8ea7ca70b"}
,"/Users/ricy/Documents/projects/2023/12/Test-Jest/src/index.js": {"path":"/Users/ricy/Documents/projects/2023/12/Test-Jest/src/index.js","statementMap":{"0":{"start":{"line":7,"column":13},"end":{"line":7,"column":65}},"1":{"start":{"line":8,"column":0},"end":{"line":12,"column":2}},"2":{"start":{"line":17,"column":0},"end":{"line":17,"column":18}}},"fnMap":{},"branchMap":{},"s":{"0":0,"1":0,"2":0},"f":{},"b":{}}
,"/Users/ricy/Documents/projects/2023/12/Test-Jest/src/reportWebVitals.js": {"path":"/Users/ricy/Documents/projects/2023/12/Test-Jest/src/reportWebVitals.js","statementMap":{"0":{"start":{"line":1,"column":24},"end":{"line":11,"column":1}},"1":{"start":{"line":2,"column":2},"end":{"line":10,"column":3}},"2":{"start":{"line":3,"column":4},"end":{"line":9,"column":7}},"3":{"start":{"line":4,"column":6},"end":{"line":4,"column":26}},"4":{"start":{"line":5,"column":6},"end":{"line":5,"column":26}},"5":{"start":{"line":6,"column":6},"end":{"line":6,"column":26}},"6":{"start":{"line":7,"column":6},"end":{"line":7,"column":26}},"7":{"start":{"line":8,"column":6},"end":{"line":8,"column":27}}},"fnMap":{"0":{"name":"(anonymous_0)","decl":{"start":{"line":1,"column":24},"end":{"line":1,"column":25}},"loc":{"start":{"line":1,"column":39},"end":{"line":11,"column":1}},"line":1},"1":{"name":"(anonymous_1)","decl":{"start":{"line":3,"column":30},"end":{"line":3,"column":31}},"loc":{"start":{"line":3,"column":79},"end":{"line":9,"column":5}},"line":3}},"branchMap":{"0":{"loc":{"start":{"line":2,"column":2},"end":{"line":10,"column":3}},"type":"if","locations":[{"start":{"line":2,"column":2},"end":{"line":10,"column":3}},{"start":{},"end":{}}],"line":2},"1":{"loc":{"start":{"line":2,"column":6},"end":{"line":2,"column":52}},"type":"binary-expr","locations":[{"start":{"line":2,"column":6},"end":{"line":2,"column":17}},{"start":{"line":2,"column":21},"end":{"line":2,"column":52}}],"line":2}},"s":{"0":0,"1":0,"2":0,"3":0,"4":0,"5":0,"6":0,"7":0},"f":{"0":0,"1":0},"b":{"0":[0,0],"1":[0,0]}}
,"/Users/ricy/Documents/projects/2023/12/Test-Jest/src/components/FirstTest/index.js": {"path":"/Users/ricy/Documents/projects/2023/12/Test-Jest/src/components/FirstTest/index.js","statementMap":{"0":{"start":{"line":1,"column":18},"end":{"line":7,"column":1}},"1":{"start":{"line":2,"column":2},"end":{"line":6,"column":4}}},"fnMap":{"0":{"name":"(anonymous_0)","decl":{"start":{"line":1,"column":18},"end":{"line":1,"column":19}},"loc":{"start":{"line":1,"column":24},"end":{"line":7,"column":1}},"line":1}},"branchMap":{},"s":{"0":1,"1":1},"f":{"0":1},"b":{},"_coverageSchema":"1a1c01bbd47fc00a2c39e90264f33305004495a9","hash":"94328e6c5505adc9dd6b1ca6f0e5b85d15a44d93"}
,"/Users/ricy/Documents/projects/2023/12/Test-Jest/src/components/List/index.js": {"path":"/Users/ricy/Documents/projects/2023/12/Test-Jest/src/components/List/index.js","statementMap":{"0":{"start":{"line":4,"column":13},"end":{"line":37,"column":1}},"1":{"start":{"line":5,"column":34},"end":{"line":5,"column":52}},"2":{"start":{"line":7,"column":2},"end":{"line":36,"column":4}},"3":{"start":{"line":11,"column":8},"end":{"line":13,"column":14}},"4":{"start":{"line":17,"column":10},"end":{"line":23,"column":13}},"5":{"start":{"line":30,"column":10},"end":{"line":30,"column":63}},"6":{"start":{"line":30,"column":48},"end":{"line":30,"column":60}}},"fnMap":{"0":{"name":"(anonymous_0)","decl":{"start":{"line":4,"column":13},"end":{"line":4,"column":14}},"loc":{"start":{"line":4,"column":19},"end":{"line":37,"column":1}},"line":4},"1":{"name":"(anonymous_1)","decl":{"start":{"line":10,"column":20},"end":{"line":10,"column":21}},"loc":{"start":{"line":11,"column":8},"end":{"line":13,"column":14}},"line":11},"2":{"name":"(anonymous_2)","decl":{"start":{"line":16,"column":17},"end":{"line":16,"column":18}},"loc":{"start":{"line":16,"column":23},"end":{"line":24,"column":9}},"line":16},"3":{"name":"(anonymous_3)","decl":{"start":{"line":29,"column":17},"end":{"line":29,"column":18}},"loc":{"start":{"line":29,"column":23},"end":{"line":31,"column":9}},"line":29},"4":{"name":"(anonymous_4)","decl":{"start":{"line":30,"column":38},"end":{"line":30,"column":39}},"loc":{"start":{"line":30,"column":48},"end":{"line":30,"column":60}},"line":30}},"branchMap":{},"s":{"0":1,"1":5,"2":4,"3":12,"4":1,"5":1,"6":3},"f":{"0":5,"1":12,"2":1,"3":1,"4":3},"b":{},"_coverageSchema":"1a1c01bbd47fc00a2c39e90264f33305004495a9","hash":"5ab64cd5b0163711b7120e4be21f7993afdc87e0"}
,"/Users/ricy/Documents/projects/2023/12/Test-Jest/src/components/TestAPI/index.js": {"path":"/Users/ricy/Documents/projects/2023/12/Test-Jest/src/components/TestAPI/index.js","statementMap":{"0":{"start":{"line":4,"column":16},"end":{"line":20,"column":1}},"1":{"start":{"line":5,"column":26},"end":{"line":5,"column":38}},"2":{"start":{"line":7,"column":2},"end":{"line":11,"column":5}},"3":{"start":{"line":8,"column":4},"end":{"line":10,"column":7}},"4":{"start":{"line":9,"column":6},"end":{"line":9,"column":20}},"5":{"start":{"line":13,"column":2},"end":{"line":19,"column":4}},"6":{"start":{"line":16,"column":8},"end":{"line":16,"column":30}}},"fnMap":{"0":{"name":"(anonymous_0)","decl":{"start":{"line":4,"column":16},"end":{"line":4,"column":17}},"loc":{"start":{"line":4,"column":22},"end":{"line":20,"column":1}},"line":4},"1":{"name":"(anonymous_1)","decl":{"start":{"line":7,"column":12},"end":{"line":7,"column":13}},"loc":{"start":{"line":7,"column":18},"end":{"line":11,"column":3}},"line":7},"2":{"name":"(anonymous_2)","decl":{"start":{"line":8,"column":21},"end":{"line":8,"column":22}},"loc":{"start":{"line":8,"column":31},"end":{"line":10,"column":5}},"line":8},"3":{"name":"(anonymous_3)","decl":{"start":{"line":15,"column":16},"end":{"line":15,"column":17}},"loc":{"start":{"line":16,"column":8},"end":{"line":16,"column":30}},"line":16}},"branchMap":{},"s":{"0":1,"1":3,"2":2,"3":2,"4":2,"5":2,"6":1},"f":{"0":3,"1":2,"2":2,"3":1},"b":{},"_coverageSchema":"1a1c01bbd47fc00a2c39e90264f33305004495a9","hash":"5c602505551628aff3bfd97b94cabef7d1722fa1"}
,"/Users/ricy/Documents/projects/2023/12/Test-Jest/src/components/TestStateChange/index.js": {"path":"/Users/ricy/Documents/projects/2023/12/Test-Jest/src/components/TestStateChange/index.js","statementMap":{"0":{"start":{"line":3,"column":24},"end":{"line":9,"column":1}},"1":{"start":{"line":4,"column":30},"end":{"line":4,"column":45}},"2":{"start":{"line":5,"column":2},"end":{"line":7,"column":9}},"3":{"start":{"line":6,"column":4},"end":{"line":6,"column":20}},"4":{"start":{"line":8,"column":2},"end":{"line":8,"column":55}},"5":{"start":{"line":13,"column":32},"end":{"line":28,"column":1}},"6":{"start":{"line":14,"column":52},"end":{"line":14,"column":67}},"7":{"start":{"line":16,"column":2},"end":{"line":27,"column":4}},"8":{"start":{"line":21,"column":10},"end":{"line":21,"column":51}}},"fnMap":{"0":{"name":"(anonymous_0)","decl":{"start":{"line":3,"column":24},"end":{"line":3,"column":25}},"loc":{"start":{"line":3,"column":30},"end":{"line":9,"column":1}},"line":3},"1":{"name":"(anonymous_1)","decl":{"start":{"line":5,"column":12},"end":{"line":5,"column":13}},"loc":{"start":{"line":5,"column":18},"end":{"line":7,"column":3}},"line":5},"2":{"name":"(anonymous_2)","decl":{"start":{"line":13,"column":32},"end":{"line":13,"column":33}},"loc":{"start":{"line":13,"column":38},"end":{"line":28,"column":1}},"line":13},"3":{"name":"(anonymous_3)","decl":{"start":{"line":20,"column":17},"end":{"line":20,"column":18}},"loc":{"start":{"line":20,"column":23},"end":{"line":22,"column":9}},"line":20}},"branchMap":{"0":{"loc":{"start":{"line":8,"column":15},"end":{"line":8,"column":47}},"type":"binary-expr","locations":[{"start":{"line":8,"column":15},"end":{"line":8,"column":21}},{"start":{"line":8,"column":25},"end":{"line":8,"column":47}}],"line":8},"1":{"loc":{"start":{"line":18,"column":7},"end":{"line":18,"column":49}},"type":"binary-expr","locations":[{"start":{"line":18,"column":7},"end":{"line":18,"column":24}},{"start":{"line":18,"column":28},"end":{"line":18,"column":49}}],"line":18}},"s":{"0":1,"1":2,"2":2,"3":1,"4":2,"5":1,"6":3,"7":2,"8":1},"f":{"0":2,"1":1,"2":3,"3":1},"b":{"0":[2,1],"1":[2,1]},"_coverageSchema":"1a1c01bbd47fc00a2c39e90264f33305004495a9","hash":"6e7c4cd423c9384a3ab6b9c5bf3ddda1ebcbe6a5"}
,"/Users/ricy/Documents/projects/2023/12/Test-Jest/src/components/TestWithMockData/index.js": {"path":"/Users/ricy/Documents/projects/2023/12/Test-Jest/src/components/TestWithMockData/index.js","statementMap":{"0":{"start":{"line":3,"column":25},"end":{"line":33,"column":1}},"1":{"start":{"line":4,"column":2},"end":{"line":32,"column":4}},"2":{"start":{"line":9,"column":12},"end":{"line":21,"column":17}},"3":{"start":{"line":14,"column":18},"end":{"line":14,"column":52}},"4":{"start":{"line":15,"column":18},"end":{"line":15,"column":32}},"5":{"start":{"line":27,"column":12},"end":{"line":27,"column":62}}},"fnMap":{"0":{"name":"(anonymous_0)","decl":{"start":{"line":3,"column":25},"end":{"line":3,"column":26}},"loc":{"start":{"line":3,"column":74},"end":{"line":33,"column":1}},"line":3},"1":{"name":"(anonymous_1)","decl":{"start":{"line":8,"column":20},"end":{"line":8,"column":21}},"loc":{"start":{"line":9,"column":12},"end":{"line":21,"column":17}},"line":9},"2":{"name":"(anonymous_2)","decl":{"start":{"line":13,"column":25},"end":{"line":13,"column":26}},"loc":{"start":{"line":13,"column":31},"end":{"line":16,"column":17}},"line":13},"3":{"name":"(anonymous_3)","decl":{"start":{"line":26,"column":20},"end":{"line":26,"column":21}},"loc":{"start":{"line":27,"column":12},"end":{"line":27,"column":62}},"line":27}},"branchMap":{"0":{"loc":{"start":{"line":6,"column":7},"end":{"line":30,"column":7}},"type":"cond-expr","locations":[{"start":{"line":7,"column":8},"end":{"line":23,"column":13}},{"start":{"line":25,"column":8},"end":{"line":29,"column":13}}],"line":6},"1":{"loc":{"start":{"line":20,"column":15},"end":{"line":20,"column":54}},"type":"cond-expr","locations":[{"start":{"line":20,"column":31},"end":{"line":20,"column":39}},{"start":{"line":20,"column":42},"end":{"line":20,"column":54}}],"line":20}},"s":{"0":1,"1":3,"2":6,"3":1,"4":1,"5":3},"f":{"0":3,"1":6,"2":1,"3":3},"b":{"0":[2,1],"1":[2,4]},"_coverageSchema":"1a1c01bbd47fc00a2c39e90264f33305004495a9","hash":"c1bb2e92c3646e6c051ed344fa2c1bc726034b3d"}
,"/Users/ricy/Documents/projects/2023/12/Test-Jest/src/utils/constants.js": {"path":"/Users/ricy/Documents/projects/2023/12/Test-Jest/src/utils/constants.js","statementMap":{"0":{"start":{"line":1,"column":24},"end":{"line":23,"column":1}}},"fnMap":{},"branchMap":{},"s":{"0":2},"f":{},"b":{},"_coverageSchema":"1a1c01bbd47fc00a2c39e90264f33305004495a9","hash":"4ec23b50de0177cb7316cdd19fa44bf21c96209b"}
,"/Users/ricy/Documents/projects/2023/12/Test-Jest/src/utils/services/index.js": {"path":"/Users/ricy/Documents/projects/2023/12/Test-Jest/src/utils/services/index.js","statementMap":{"0":{"start":{"line":1,"column":25},"end":{"line":5,"column":1}},"1":{"start":{"line":2,"column":2},"end":{"line":4,"column":5}},"2":{"start":{"line":3,"column":4},"end":{"line":3,"column":22}}},"fnMap":{"0":{"name":"(anonymous_0)","decl":{"start":{"line":1,"column":25},"end":{"line":1,"column":26}},"loc":{"start":{"line":1,"column":31},"end":{"line":5,"column":1}},"line":1},"1":{"name":"(anonymous_1)","decl":{"start":{"line":2,"column":55},"end":{"line":2,"column":56}},"loc":{"start":{"line":2,"column":64},"end":{"line":4,"column":3}},"line":2}},"branchMap":{},"s":{"0":1,"1":0,"2":0},"f":{"0":0,"1":0},"b":{},"_coverageSchema":"1a1c01bbd47fc00a2c39e90264f33305004495a9","hash":"556f392472e07eb03881c3694a807c76af08d54d"}
}
